<?xml version="1.0" encoding="UTF-8"?>
<!-- Generated by org.testng.reporters.JUnitReportReporter -->
<testsuite hostname="DESKTOP-MO8E73B" failures="0" tests="2" name="com.testNG.AnnotationExecution" time="0.011" errors="0" timestamp="01 May 2023 19:08:46 GMT" skipped="0">
  <testcase classname="com.testNG.AnnotationExecution" name="getTest2" time="0.003"/>
  <testcase classname="com.testNG.AnnotationExecution" name="getTest" time="0.008"/>
</testsuite> <!-- com.testNG.AnnotationExecution -->
