<?xml version="1.0" encoding="UTF-8"?>
<!-- Generated by org.testng.reporters.JUnitReportReporter -->
<testsuite hostname="DESKTOP-MO8E73B" failures="0" tests="4" name="com.testNG.PriorityTest" time="0.040" errors="0" timestamp="01 May 2023 21:03:29 GMT" skipped="0">
  <testcase classname="com.testNG.PriorityTest" name="getMethod2" time="0.025"/>
  <testcase classname="com.testNG.PriorityTest" name="getMethod1" time="0.006"/>
  <testcase classname="com.testNG.PriorityTest" name="getMethod4" time="0.003"/>
  <testcase classname="com.testNG.PriorityTest" name="getMethod3" time="0.006"/>
</testsuite> <!-- com.testNG.PriorityTest -->
