<?xml version="1.0" encoding="UTF-8"?>
<!-- Generated by org.testng.reporters.JUnitReportReporter -->
<testsuite hostname="DESKTOP-MO8E73B" failures="0" tests="4" name="com.testNG.EnableEqualTrueFalse" time="0.033" errors="0" timestamp="01 May 2023 20:58:39 GMT" skipped="2">
  <testcase classname="com.testNG.EnableEqualTrueFalse" name="getMethod1" time="0.030"/>
  <testcase classname="com.testNG.EnableEqualTrueFalse" name="getMethod4" time="0.003"/>
  <testcase classname="com.testNG.EnableEqualTrueFalse" name="getMethod2">
    <skipped/>
  </testcase> <!-- getMethod2 -->
  <testcase classname="com.testNG.EnableEqualTrueFalse" name="getMethod3">
    <skipped/>
  </testcase> <!-- getMethod3 -->
</testsuite> <!-- com.testNG.EnableEqualTrueFalse -->
