<?xml version="1.0" encoding="UTF-8"?>
<!-- Generated by org.testng.reporters.JUnitReportReporter -->
<testsuite hostname="DESKTOP-MO8E73B" failures="0" tests="1" name="com.testNG.TestNGbasicAnnotation" time="0.047" errors="0" timestamp="01 May 2023 18:30:33 GMT" skipped="0">
  <testcase classname="com.testNG.TestNGbasicAnnotation" name="testCase1" time="0.047"/>
</testsuite> <!-- com.testNG.TestNGbasicAnnotation -->
