<?xml version="1.0" encoding="UTF-8"?>
<!-- Generated by org.testng.reporters.JUnitReportReporter -->
<testsuite hostname="DESKTOP-MO8E73B" failures="0" tests="3" name="com.testNG.ParallalTesting" time="207.058" errors="0" timestamp="01 May 2023 22:03:34 GMT" skipped="0">
  <testcase classname="com.testNG.ParallalTesting" name="getOpenBrowserNode1" time="63.944"/>
  <testcase classname="com.testNG.ParallalTesting" name="getOpenBrowserNode2" time="73.990"/>
  <testcase classname="com.testNG.ParallalTesting" name="getOpenBrowserNode3" time="69.124"/>
</testsuite> <!-- com.testNG.ParallalTesting -->
