<?xml version="1.0" encoding="UTF-8"?>
<!-- Generated by org.testng.reporters.JUnitReportReporter -->
<testsuite hostname="DESKTOP-MO8E73B" failures="0" tests="5" name="com.testNG.InvocationCountTest" time="0.049" errors="0" timestamp="01 May 2023 20:38:02 GMT" skipped="0">
  <testcase classname="com.testNG.InvocationCountTest" name="gettest5" time="0.003"/>
  <testcase classname="com.testNG.InvocationCountTest" name="gettest5" time="0.003"/>
  <testcase classname="com.testNG.InvocationCountTest" name="gettest5" time="0.025"/>
  <testcase classname="com.testNG.InvocationCountTest" name="gettest5" time="0.013"/>
  <testcase classname="com.testNG.InvocationCountTest" name="gettest5" time="0.005"/>
</testsuite> <!-- com.testNG.InvocationCountTest -->
