<?xml version="1.0" encoding="UTF-8"?>
<!-- Generated by org.testng.reporters.JUnitReportReporter -->
<testsuite hostname="DESKTOP-MO8E73B" failures="0" tests="3" name="com.testNG.TestNGDependsOnMethod" time="0.031" errors="0" timestamp="01 May 2023 20:07:06 GMT" skipped="0">
  <testcase classname="com.testNG.TestNGDependsOnMethod" name="getMethod2" time="0.003"/>
  <testcase classname="com.testNG.TestNGDependsOnMethod" name="getMethod1" time="0.026"/>
  <testcase classname="com.testNG.TestNGDependsOnMethod" name="getMethod3" time="0.002"/>
</testsuite> <!-- com.testNG.TestNGDependsOnMethod -->
