<?xml version="1.0" encoding="UTF-8"?>
<!-- Generated by org.testng.reporters.JUnitReportReporter -->
<testsuite hostname="DESKTOP-MO8E73B" failures="0" tests="4" name="com.testNG.DataProviderTest" time="93.381" errors="0" timestamp="05 May 2023 02:18:55 GMT" skipped="0">
  <testcase classname="com.testNG.DataProviderTest" name="getLogin" time="14.268"/>
  <testcase classname="com.testNG.DataProviderTest" name="getLogin" time="28.366"/>
  <testcase classname="com.testNG.DataProviderTest" name="getLogin" time="20.599"/>
  <testcase classname="com.testNG.DataProviderTest" name="getLogin" time="30.148"/>
</testsuite> <!-- com.testNG.DataProviderTest -->
