<?xml version="1.0" encoding="UTF-8"?>
<!-- Generated by org.testng.reporters.JUnitReportReporter -->
<testsuite hostname="DESKTOP-MO8E73B" failures="0" tests="1" name="com.usa.myRunner.MyRunner" time="80.582" errors="0" timestamp="07 May 2023 14:54:13 GMT" skipped="0">
  <testcase classname="com.usa.myRunner.MyRunner" name="runScenario" time="80.582"/>
</testsuite> <!-- com.usa.myRunner.MyRunner -->
